<?xml version="1.0" encoding="UTF-8"?>
<!-- Generated by org.testng.reporters.JUnitXMLReporter -->
<testsuite hostname="PRIYABALA-PC" ignored="1" name="Default test" tests="1" failures="0" timestamp="2023-02-10T14:34:33 IST" time="8.281" errors="0">
  <testcase name="postMethod" time="8.109" classname="com.RestAssured.BasicMethods"/>
  <testcase name="getMethod" time="0.0" classname="com.RestAssured.BasicMethods">
    <ignored/>
  </testcase> <!-- getMethod -->
</testsuite> <!-- Default test -->
