<?xml version="1.0" encoding="UTF-8"?>
<!-- Generated by org.testng.reporters.JUnitXMLReporter -->
<testsuite hostname="PRIYABALA-PC" ignored="0" name="Test" tests="3" failures="0" timestamp="2023-02-03T11:31:32 IST" time="84.374" errors="0">
  <testcase name="flipkart" time="63.762" classname="com.TestNG_Features.ParallelTesting"/>
  <testcase name="googlePage" time="75.089" classname="com.TestNG_Features.ParallelTesting"/>
  <testcase name="amazon" time="84.202" classname="com.TestNG_Features.ParallelTesting"/>
</testsuite> <!-- Test -->
