<?xml version="1.0" encoding="UTF-8"?>
<testng-results skipped="0" failed="0" ignored="1" total="2" passed="1">
  <reporter-output>
  </reporter-output>
  <suite name="Default suite" duration-ms="8281" started-at="2023-02-10T14:34:25 IST" finished-at="2023-02-10T14:34:33 IST">
    <groups>
    </groups>
    <test name="Default test" duration-ms="8281" started-at="2023-02-10T14:34:25 IST" finished-at="2023-02-10T14:34:33 IST">
      <class name="com.RestAssured.BasicMethods">
        <test-method status="PASS" signature="postMethod()[pri:0, instance:com.RestAssured.BasicMethods@371a67ec]" name="postMethod" duration-ms="8109" started-at="2023-02-10T14:34:25 IST" finished-at="2023-02-10T14:34:33 IST">
          <reporter-output>
          </reporter-output>
        </test-method> <!-- postMethod -->
      </class> <!-- com.RestAssured.BasicMethods -->
    </test> <!-- Default test -->
  </suite> <!-- Default suite -->
</testng-results>
